<?xml version='1.0' encoding='utf-8' standalone='yes' ?><testsuites><testsuite name="com.mingrisoft.test.Login_Logout"><testcase classname="com.mingrisoft.test.Login_Logout" name="testLogin" time="13.234" /><testcase classname="com.mingrisoft.test.Login_Logout" name="testMction" time="24.017" /><testcase classname="com.mingrisoft.test.Login_Logout" name="testModify" time="30.574" /><testcase classname="com.mingrisoft.test.Login_Logout" name="testNLogout" time="8.433" /></testsuite></testsuites>